<?xml version="1.0" encoding="UTF-8"?>
<!-- Generated by org.testng.reporters.JUnitXMLReporter -->
<testsuite hostname="IXED-DESKSLM015" name="Default test" tests="5" failures="0" timestamp="30 Jun 2020 05:37:51 GMT" time="98.331" errors="0">
  <testcase name="Laptop_Desktop" time="16.429" classname="com.iexceed.TraditionalTestsV1.Task1"/>
  <testcase name="Laptop_Desktop" time="22.921" classname="com.iexceed.TraditionalTestsV1.Task1"/>
  <testcase name="Mobile" time="10.71" classname="com.iexceed.TraditionalTestsV1.Task1"/>
  <testcase name="Tab" time="16.417" classname="com.iexceed.TraditionalTestsV1.Task1"/>
  <testcase name="Tab" time="21.449" classname="com.iexceed.TraditionalTestsV1.Task1"/>
</testsuite> <!-- Default test -->
